<?xml version="1.0" encoding="UTF-8"?>
<!-- Generated by org.testng.reporters.JUnitReportReporter -->
<testsuite skipped="0" hostname="asdb0010" name="com.hris.testNG.AppTest" tests="8" failures="0" timestamp="28 Jun 2018 13:04:53 GMT" time="81.380" errors="0">
  <testcase name="testUpperCaseUsername" time="19.709" classname="com.hris.testNG.AppTest"/>
  <testcase name="testInvalidPassword" time="12.247" classname="com.hris.testNG.AppTest"/>
  <testcase name="QuitBrowser" time="0.161" classname="com.hris.testNG.AppTest"/>
  <testcase name="testInvalidUsername" time="10.833" classname="com.hris.testNG.AppTest"/>
  <testcase name="testDifferentCaseUser" time="14.793" classname="com.hris.testNG.AppTest"/>
  <testcase name="testOpenHris" time="1.704" classname="com.hris.testNG.AppTest"/>
  <testcase name="testValidLogin" time="11.180" classname="com.hris.testNG.AppTest"/>
  <testcase name="testBlankLogin" time="10.753" classname="com.hris.testNG.AppTest"/>
</testsuite> <!-- com.hris.testNG.AppTest -->
